
> Configure project :
  Building version '3.3.6' (value loaded from 'version.properties' file).

FAILURE: Build failed with an exception.

* What went wrong:
A problem occurred configuring project ':kotlinReleaseCoroutinesTest'.
> Could not resolve all artifacts for configuration ':kotlinReleaseCoroutinesTest:classpath'.
   > Could not resolve org.jetbrains.kotlin:kotlin-gradle-plugin:1.3.0-rc-57.
     Required by:
         project :kotlinReleaseCoroutinesTest
      > Could not resolve org.jetbrains.kotlin:kotlin-gradle-plugin:1.3.0-rc-57.
         > Could not get resource 'https://dl.bintray.com/kotlin/kotlin-eap/org/jetbrains/kotlin/kotlin-gradle-plugin/1.3.0-rc-57/kotlin-gradle-plugin-1.3.0-rc-57.pom'.
            > Could not GET 'https://dl.bintray.com/kotlin/kotlin-eap/org/jetbrains/kotlin/kotlin-gradle-plugin/1.3.0-rc-57/kotlin-gradle-plugin-1.3.0-rc-57.pom'.
               > Remote host terminated the handshake

* Try:
Run with --stacktrace option to get the stack trace. Run with --info or --debug option to get more log output. Run with --scan to get full insights.

* Get more help at https://help.gradle.org

Deprecated Gradle features were used in this build, making it incompatible with Gradle 6.0.
Use '--warning-mode all' to show the individual deprecation warnings.
See https://docs.gradle.org/5.3.1/userguide/command_line_interface.html#sec:command_line_warnings

BUILD FAILED in 5s
